{"D:\\workspace\\28thclone\\HospitalManagement\\server\\test.js":{"path":"D:\\workspace\\28thclone\\HospitalManagement\\server\\test.js","s":{"1":1,"2":1,"3":1,"4":1,"5":1,"6":1,"7":1,"8":1,"9":1,"10":1,"11":1,"12":1,"13":1,"14":1,"15":1,"16":0,"17":0,"18":0,"19":0,"20":1,"21":1,"22":1,"23":1,"24":1,"25":1,"26":1,"27":1,"28":1,"29":1,"30":1,"31":1,"32":1,"33":1,"34":1,"35":1,"36":1,"37":1,"38":1,"39":1,"40":1,"41":1,"42":1,"43":1,"44":1,"45":1,"46":1,"47":1,"48":1,"49":1,"50":1,"51":1,"52":1,"53":1,"54":1,"55":1,"56":1,"57":1,"58":1,"59":1,"60":1,"61":1,"62":1,"63":1,"64":1,"65":0,"66":0,"67":0,"68":0,"69":1,"70":1,"71":1,"72":1,"73":1,"74":1,"75":1,"76":1,"77":1,"78":1,"79":1,"80":1,"81":1,"82":1,"83":1,"84":1,"85":1,"86":1,"87":1,"88":1,"89":1,"90":1,"91":1,"92":1,"93":1,"94":1,"95":1,"96":1,"97":1,"98":1,"99":1,"100":1,"101":1,"102":1,"103":1,"104":1,"105":1,"106":1,"107":1,"108":1,"109":1,"110":1,"111":1,"112":1,"113":1,"114":1,"115":1,"116":1,"117":1,"118":1,"119":1,"120":1,"121":1,"122":1,"123":1,"124":1,"125":1,"126":1,"127":1,"128":0,"129":0,"130":0,"131":0,"132":0,"133":1,"134":1,"135":1,"136":1,"137":1,"138":1,"139":1,"140":1,"141":1,"142":1,"143":1,"144":1,"145":1,"146":1,"147":1,"148":1,"149":1,"150":1,"151":1,"152":1,"153":1,"154":1,"155":1,"156":1,"157":1,"158":1,"159":1,"160":1,"161":1,"162":1,"163":1,"164":1,"165":1,"166":1,"167":1,"168":1,"169":1,"170":1,"171":1,"172":1,"173":1,"174":1,"175":1,"176":1,"177":1,"178":1,"179":1,"180":1,"181":1},"b":{},"f":{"1":0,"2":1,"3":1,"4":1,"5":1,"6":1,"7":1,"8":0,"9":1,"10":1,"11":1,"12":1,"13":1,"14":1,"15":1,"16":1,"17":1,"18":1,"19":1,"20":1,"21":0,"22":1,"23":1,"24":1,"25":1,"26":1,"27":1,"28":1,"29":1,"30":1,"31":1},"fnMap":{"1":{"name":"(anonymous_1)","line":16,"loc":{"start":{"line":16,"column":37},"end":{"line":16,"column":54}}},"2":{"name":"(anonymous_2)","line":23,"loc":{"start":{"line":23,"column":52},"end":{"line":23,"column":66}}},"3":{"name":"(anonymous_3)","line":28,"loc":{"start":{"line":28,"column":33},"end":{"line":28,"column":56}}},"4":{"name":"(anonymous_4)","line":36,"loc":{"start":{"line":36,"column":61},"end":{"line":36,"column":75}}},"5":{"name":"(anonymous_5)","line":49,"loc":{"start":{"line":49,"column":41},"end":{"line":49,"column":55}}},"6":{"name":"(anonymous_6)","line":62,"loc":{"start":{"line":62,"column":42},"end":{"line":62,"column":56}}},"7":{"name":"(anonymous_7)","line":73,"loc":{"start":{"line":73,"column":59},"end":{"line":73,"column":73}}},"8":{"name":"(anonymous_8)","line":85,"loc":{"start":{"line":85,"column":35},"end":{"line":85,"column":52}}},"9":{"name":"(anonymous_9)","line":92,"loc":{"start":{"line":92,"column":50},"end":{"line":92,"column":64}}},"10":{"name":"(anonymous_10)","line":109,"loc":{"start":{"line":109,"column":43},"end":{"line":109,"column":57}}},"11":{"name":"(anonymous_11)","line":118,"loc":{"start":{"line":118,"column":9},"end":{"line":118,"column":26}}},"12":{"name":"(anonymous_12)","line":129,"loc":{"start":{"line":129,"column":24},"end":{"line":129,"column":46}}},"13":{"name":"(anonymous_13)","line":136,"loc":{"start":{"line":136,"column":53},"end":{"line":136,"column":67}}},"14":{"name":"(anonymous_14)","line":144,"loc":{"start":{"line":144,"column":13},"end":{"line":144,"column":30}}},"15":{"name":"(anonymous_15)","line":148,"loc":{"start":{"line":148,"column":85},"end":{"line":148,"column":99}}},"16":{"name":"(anonymous_16)","line":157,"loc":{"start":{"line":157,"column":15},"end":{"line":157,"column":32}}},"17":{"name":"(anonymous_17)","line":161,"loc":{"start":{"line":161,"column":58},"end":{"line":161,"column":72}}},"18":{"name":"(anonymous_18)","line":171,"loc":{"start":{"line":171,"column":15},"end":{"line":171,"column":32}}},"19":{"name":"(anonymous_19)","line":175,"loc":{"start":{"line":175,"column":55},"end":{"line":175,"column":69}}},"20":{"name":"(anonymous_20)","line":179,"loc":{"start":{"line":179,"column":15},"end":{"line":179,"column":32}}},"21":{"name":"(anonymous_21)","line":187,"loc":{"start":{"line":187,"column":48},"end":{"line":187,"column":65}}},"22":{"name":"(anonymous_22)","line":195,"loc":{"start":{"line":195,"column":60},"end":{"line":195,"column":74}}},"23":{"name":"(anonymous_23)","line":199,"loc":{"start":{"line":199,"column":21},"end":{"line":199,"column":38}}},"24":{"name":"(anonymous_24)","line":203,"loc":{"start":{"line":203,"column":66},"end":{"line":203,"column":80}}},"25":{"name":"(anonymous_25)","line":207,"loc":{"start":{"line":207,"column":21},"end":{"line":207,"column":38}}},"26":{"name":"(anonymous_26)","line":211,"loc":{"start":{"line":211,"column":61},"end":{"line":211,"column":75}}},"27":{"name":"(anonymous_27)","line":229,"loc":{"start":{"line":229,"column":30},"end":{"line":229,"column":50}}},"28":{"name":"(anonymous_28)","line":236,"loc":{"start":{"line":236,"column":68},"end":{"line":236,"column":82}}},"29":{"name":"(anonymous_29)","line":244,"loc":{"start":{"line":244,"column":67},"end":{"line":244,"column":81}}},"30":{"name":"(anonymous_30)","line":252,"loc":{"start":{"line":252,"column":88},"end":{"line":252,"column":102}}},"31":{"name":"(anonymous_31)","line":265,"loc":{"start":{"line":265,"column":62},"end":{"line":265,"column":76}}}},"statementMap":{"1":{"start":{"line":1,"column":0},"end":{"line":1,"column":40}},"2":{"start":{"line":2,"column":0},"end":{"line":2,"column":39}},"3":{"start":{"line":3,"column":0},"end":{"line":3,"column":31}},"4":{"start":{"line":4,"column":0},"end":{"line":4,"column":48}},"5":{"start":{"line":5,"column":0},"end":{"line":5,"column":38}},"6":{"start":{"line":6,"column":0},"end":{"line":6,"column":49}},"7":{"start":{"line":7,"column":0},"end":{"line":7,"column":66}},"8":{"start":{"line":8,"column":0},"end":{"line":8,"column":63}},"9":{"start":{"line":9,"column":0},"end":{"line":9,"column":67}},"10":{"start":{"line":10,"column":0},"end":{"line":10,"column":61}},"11":{"start":{"line":12,"column":0},"end":{"line":276,"column":3}},"12":{"start":{"line":13,"column":2},"end":{"line":22,"column":5}},"13":{"start":{"line":14,"column":8},"end":{"line":14,"column":41}},"14":{"start":{"line":15,"column":8},"end":{"line":15,"column":43}},"15":{"start":{"line":16,"column":8},"end":{"line":21,"column":9}},"16":{"start":{"line":17,"column":10},"end":{"line":17,"column":28}},"17":{"start":{"line":18,"column":12},"end":{"line":18,"column":31}},"18":{"start":{"line":19,"column":12},"end":{"line":19,"column":43}},"19":{"start":{"line":20,"column":8},"end":{"line":20,"column":15}},"20":{"start":{"line":23,"column":2},"end":{"line":35,"column":5}},"21":{"start":{"line":24,"column":4},"end":{"line":24,"column":59}},"22":{"start":{"line":25,"column":4},"end":{"line":25,"column":31}},"23":{"start":{"line":26,"column":4},"end":{"line":26,"column":42}},"24":{"start":{"line":27,"column":4},"end":{"line":27,"column":60}},"25":{"start":{"line":28,"column":4},"end":{"line":34,"column":7}},"26":{"start":{"line":29,"column":6},"end":{"line":29,"column":24}},"27":{"start":{"line":30,"column":6},"end":{"line":30,"column":25}},"28":{"start":{"line":31,"column":6},"end":{"line":31,"column":26}},"29":{"start":{"line":32,"column":6},"end":{"line":32,"column":39}},"30":{"start":{"line":33,"column":6},"end":{"line":33,"column":13}},"31":{"start":{"line":36,"column":2},"end":{"line":48,"column":5}},"32":{"start":{"line":37,"column":4},"end":{"line":37,"column":25}},"33":{"start":{"line":38,"column":4},"end":{"line":38,"column":27}},"34":{"start":{"line":39,"column":4},"end":{"line":39,"column":26}},"35":{"start":{"line":40,"column":4},"end":{"line":40,"column":28}},"36":{"start":{"line":41,"column":4},"end":{"line":41,"column":30}},"37":{"start":{"line":42,"column":4},"end":{"line":42,"column":29}},"38":{"start":{"line":43,"column":4},"end":{"line":46,"column":16}},"39":{"start":{"line":47,"column":4},"end":{"line":47,"column":11}},"40":{"start":{"line":49,"column":2},"end":{"line":61,"column":5}},"41":{"start":{"line":50,"column":4},"end":{"line":50,"column":25}},"42":{"start":{"line":51,"column":4},"end":{"line":51,"column":30}},"43":{"start":{"line":52,"column":4},"end":{"line":52,"column":26}},"44":{"start":{"line":53,"column":4},"end":{"line":53,"column":29}},"45":{"start":{"line":54,"column":4},"end":{"line":54,"column":24}},"46":{"start":{"line":55,"column":4},"end":{"line":55,"column":24}},"47":{"start":{"line":56,"column":4},"end":{"line":59,"column":16}},"48":{"start":{"line":60,"column":4},"end":{"line":60,"column":11}},"49":{"start":{"line":62,"column":2},"end":{"line":72,"column":3}},"50":{"start":{"line":63,"column":4},"end":{"line":63,"column":25}},"51":{"start":{"line":64,"column":4},"end":{"line":64,"column":30}},"52":{"start":{"line":65,"column":4},"end":{"line":65,"column":26}},"53":{"start":{"line":66,"column":4},"end":{"line":66,"column":29}},"54":{"start":{"line":67,"column":4},"end":{"line":70,"column":16}},"55":{"start":{"line":71,"column":4},"end":{"line":71,"column":11}},"56":{"start":{"line":73,"column":0},"end":{"line":80,"column":3}},"57":{"start":{"line":74,"column":2},"end":{"line":74,"column":18}},"58":{"start":{"line":75,"column":2},"end":{"line":78,"column":14}},"59":{"start":{"line":79,"column":2},"end":{"line":79,"column":9}},"60":{"start":{"line":81,"column":0},"end":{"line":91,"column":3}},"61":{"start":{"line":82,"column":2},"end":{"line":82,"column":41}},"62":{"start":{"line":83,"column":2},"end":{"line":83,"column":37}},"63":{"start":{"line":84,"column":2},"end":{"line":84,"column":37}},"64":{"start":{"line":85,"column":2},"end":{"line":90,"column":5}},"65":{"start":{"line":86,"column":4},"end":{"line":86,"column":25}},"66":{"start":{"line":87,"column":4},"end":{"line":87,"column":26}},"67":{"start":{"line":88,"column":4},"end":{"line":88,"column":60}},"68":{"start":{"line":89,"column":4},"end":{"line":89,"column":11}},"69":{"start":{"line":92,"column":0},"end":{"line":108,"column":3}},"70":{"start":{"line":93,"column":2},"end":{"line":93,"column":23}},"71":{"start":{"line":94,"column":2},"end":{"line":94,"column":24}},"72":{"start":{"line":95,"column":2},"end":{"line":95,"column":26}},"73":{"start":{"line":96,"column":2},"end":{"line":96,"column":28}},"74":{"start":{"line":97,"column":2},"end":{"line":97,"column":24}},"75":{"start":{"line":98,"column":2},"end":{"line":98,"column":23}},"76":{"start":{"line":99,"column":2},"end":{"line":99,"column":24}},"77":{"start":{"line":100,"column":2},"end":{"line":100,"column":24}},"78":{"start":{"line":101,"column":2},"end":{"line":101,"column":23}},"79":{"start":{"line":102,"column":2},"end":{"line":102,"column":19}},"80":{"start":{"line":103,"column":2},"end":{"line":106,"column":14}},"81":{"start":{"line":107,"column":2},"end":{"line":107,"column":9}},"82":{"start":{"line":109,"column":0},"end":{"line":121,"column":5}},"83":{"start":{"line":110,"column":4},"end":{"line":110,"column":26}},"84":{"start":{"line":111,"column":4},"end":{"line":111,"column":31}},"85":{"start":{"line":112,"column":4},"end":{"line":112,"column":39}},"86":{"start":{"line":113,"column":4},"end":{"line":113,"column":37}},"87":{"start":{"line":114,"column":4},"end":{"line":120,"column":7}},"88":{"start":{"line":119,"column":8},"end":{"line":119,"column":15}},"89":{"start":{"line":122,"column":0},"end":{"line":135,"column":7}},"90":{"start":{"line":123,"column":8},"end":{"line":123,"column":302}},"91":{"start":{"line":124,"column":8},"end":{"line":124,"column":44}},"92":{"start":{"line":125,"column":8},"end":{"line":127,"column":10}},"93":{"start":{"line":128,"column":8},"end":{"line":128,"column":65}},"94":{"start":{"line":129,"column":8},"end":{"line":134,"column":11}},"95":{"start":{"line":130,"column":12},"end":{"line":130,"column":33}},"96":{"start":{"line":131,"column":12},"end":{"line":131,"column":34}},"97":{"start":{"line":132,"column":12},"end":{"line":132,"column":45}},"98":{"start":{"line":133,"column":12},"end":{"line":133,"column":19}},"99":{"start":{"line":136,"column":4},"end":{"line":147,"column":9}},"100":{"start":{"line":137,"column":8},"end":{"line":137,"column":30}},"101":{"start":{"line":138,"column":8},"end":{"line":138,"column":34}},"102":{"start":{"line":139,"column":8},"end":{"line":139,"column":28}},"103":{"start":{"line":140,"column":8},"end":{"line":146,"column":11}},"104":{"start":{"line":145,"column":12},"end":{"line":145,"column":19}},"105":{"start":{"line":148,"column":4},"end":{"line":160,"column":11}},"106":{"start":{"line":149,"column":6},"end":{"line":149,"column":27}},"107":{"start":{"line":150,"column":6},"end":{"line":150,"column":32}},"108":{"start":{"line":151,"column":6},"end":{"line":151,"column":28}},"109":{"start":{"line":152,"column":6},"end":{"line":152,"column":30}},"110":{"start":{"line":153,"column":10},"end":{"line":159,"column":13}},"111":{"start":{"line":158,"column":14},"end":{"line":158,"column":21}},"112":{"start":{"line":161,"column":6},"end":{"line":174,"column":11}},"113":{"start":{"line":162,"column":10},"end":{"line":162,"column":32}},"114":{"start":{"line":163,"column":10},"end":{"line":163,"column":36}},"115":{"start":{"line":164,"column":10},"end":{"line":164,"column":31}},"116":{"start":{"line":165,"column":10},"end":{"line":165,"column":34}},"117":{"start":{"line":166,"column":10},"end":{"line":166,"column":35}},"118":{"start":{"line":167,"column":10},"end":{"line":173,"column":13}},"119":{"start":{"line":172,"column":14},"end":{"line":172,"column":21}},"120":{"start":{"line":175,"column":6},"end":{"line":182,"column":11}},"121":{"start":{"line":176,"column":10},"end":{"line":181,"column":13}},"122":{"start":{"line":180,"column":14},"end":{"line":180,"column":21}},"123":{"start":{"line":183,"column":6},"end":{"line":194,"column":15}},"124":{"start":{"line":184,"column":18},"end":{"line":184,"column":54}},"125":{"start":{"line":185,"column":18},"end":{"line":185,"column":53}},"126":{"start":{"line":186,"column":18},"end":{"line":186,"column":53}},"127":{"start":{"line":187,"column":18},"end":{"line":193,"column":19}},"128":{"start":{"line":188,"column":20},"end":{"line":188,"column":40}},"129":{"start":{"line":189,"column":22},"end":{"line":189,"column":43}},"130":{"start":{"line":190,"column":22},"end":{"line":190,"column":68}},"131":{"start":{"line":191,"column":22},"end":{"line":191,"column":69}},"132":{"start":{"line":192,"column":18},"end":{"line":192,"column":25}},"133":{"start":{"line":195,"column":12},"end":{"line":202,"column":17}},"134":{"start":{"line":196,"column":16},"end":{"line":201,"column":19}},"135":{"start":{"line":200,"column":20},"end":{"line":200,"column":27}},"136":{"start":{"line":203,"column":12},"end":{"line":210,"column":17}},"137":{"start":{"line":204,"column":16},"end":{"line":209,"column":19}},"138":{"start":{"line":208,"column":20},"end":{"line":208,"column":27}},"139":{"start":{"line":211,"column":12},"end":{"line":224,"column":17}},"140":{"start":{"line":212,"column":14},"end":{"line":212,"column":36}},"141":{"start":{"line":213,"column":14},"end":{"line":213,"column":39}},"142":{"start":{"line":214,"column":14},"end":{"line":214,"column":36}},"143":{"start":{"line":215,"column":14},"end":{"line":215,"column":45}},"144":{"start":{"line":216,"column":14},"end":{"line":216,"column":45}},"145":{"start":{"line":217,"column":14},"end":{"line":217,"column":36}},"146":{"start":{"line":218,"column":14},"end":{"line":218,"column":52}},"147":{"start":{"line":219,"column":14},"end":{"line":222,"column":26}},"148":{"start":{"line":223,"column":14},"end":{"line":223,"column":21}},"149":{"start":{"line":225,"column":14},"end":{"line":235,"column":17}},"150":{"start":{"line":226,"column":16},"end":{"line":226,"column":55}},"151":{"start":{"line":227,"column":16},"end":{"line":227,"column":51}},"152":{"start":{"line":228,"column":16},"end":{"line":228,"column":73}},"153":{"start":{"line":229,"column":16},"end":{"line":234,"column":19}},"154":{"start":{"line":230,"column":18},"end":{"line":230,"column":39}},"155":{"start":{"line":231,"column":18},"end":{"line":231,"column":40}},"156":{"start":{"line":232,"column":18},"end":{"line":232,"column":51}},"157":{"start":{"line":233,"column":18},"end":{"line":233,"column":25}},"158":{"start":{"line":236,"column":14},"end":{"line":243,"column":17}},"159":{"start":{"line":237,"column":16},"end":{"line":237,"column":32}},"160":{"start":{"line":238,"column":16},"end":{"line":241,"column":28}},"161":{"start":{"line":242,"column":16},"end":{"line":242,"column":23}},"162":{"start":{"line":244,"column":14},"end":{"line":251,"column":17}},"163":{"start":{"line":245,"column":16},"end":{"line":245,"column":37}},"164":{"start":{"line":246,"column":16},"end":{"line":249,"column":28}},"165":{"start":{"line":250,"column":16},"end":{"line":250,"column":23}},"166":{"start":{"line":252,"column":14},"end":{"line":264,"column":17}},"167":{"start":{"line":253,"column":16},"end":{"line":253,"column":37}},"168":{"start":{"line":254,"column":16},"end":{"line":254,"column":39}},"169":{"start":{"line":255,"column":16},"end":{"line":255,"column":38}},"170":{"start":{"line":256,"column":16},"end":{"line":256,"column":40}},"171":{"start":{"line":257,"column":16},"end":{"line":257,"column":42}},"172":{"start":{"line":258,"column":16},"end":{"line":258,"column":41}},"173":{"start":{"line":259,"column":16},"end":{"line":262,"column":28}},"174":{"start":{"line":263,"column":16},"end":{"line":263,"column":23}},"175":{"start":{"line":265,"column":14},"end":{"line":275,"column":17}},"176":{"start":{"line":266,"column":16},"end":{"line":266,"column":37}},"177":{"start":{"line":267,"column":16},"end":{"line":267,"column":40}},"178":{"start":{"line":268,"column":16},"end":{"line":268,"column":47}},"179":{"start":{"line":269,"column":16},"end":{"line":269,"column":49}},"180":{"start":{"line":270,"column":16},"end":{"line":273,"column":28}},"181":{"start":{"line":274,"column":16},"end":{"line":274,"column":23}}},"branchMap":{}},"D:\\workspace\\28thclone\\HospitalManagement\\server\\users\\userEntity.js":{"path":"D:\\workspace\\28thclone\\HospitalManagement\\server\\users\\userEntity.js","s":{"1":1,"2":1,"3":1,"4":1},"b":{},"f":{},"fnMap":{},"statementMap":{"1":{"start":{"line":1,"column":0},"end":{"line":1,"column":37}},"2":{"start":{"line":3,"column":0},"end":{"line":9,"column":3}},"3":{"start":{"line":11,"column":0},"end":{"line":11,"column":53}},"4":{"start":{"line":13,"column":0},"end":{"line":15,"column":1}}},"branchMap":{}},"D:\\workspace\\28thclone\\HospitalManagement\\server\\phlebotomist\\phlebotomistEntity.js":{"path":"D:\\workspace\\28thclone\\HospitalManagement\\server\\phlebotomist\\phlebotomistEntity.js","s":{"1":1,"2":1,"3":1,"4":1},"b":{},"f":{},"fnMap":{},"statementMap":{"1":{"start":{"line":1,"column":0},"end":{"line":1,"column":37}},"2":{"start":{"line":2,"column":0},"end":{"line":291,"column":3}},"3":{"start":{"line":293,"column":0},"end":{"line":293,"column":46}},"4":{"start":{"line":295,"column":0},"end":{"line":297,"column":1}}},"branchMap":{}},"D:\\workspace\\28thclone\\HospitalManagement\\server\\patients\\patientEntity.js":{"path":"D:\\workspace\\28thclone\\HospitalManagement\\server\\patients\\patientEntity.js","s":{"1":1,"2":1,"3":1,"4":1},"b":{},"f":{},"fnMap":{},"statementMap":{"1":{"start":{"line":1,"column":0},"end":{"line":1,"column":37}},"2":{"start":{"line":3,"column":0},"end":{"line":103,"column":3}},"3":{"start":{"line":105,"column":0},"end":{"line":105,"column":49}},"4":{"start":{"line":107,"column":0},"end":{"line":109,"column":1}}},"branchMap":{}}}